This file contains any messages produced by compilers while
running configure, to aid debugging if configure makes a mistake.

It was created by libcgnsoo3 configure 1.0, which was
generated by GNU Autoconf 2.61.  Invocation command line was

  $ ./configure --prefix=/home/br8183/OpenFOAM/br8183-1.5.x/Breeder_1.5/OSIG/TurboMachinery/src/libcgnsoo_3.0/platforms/linux64GccDPOpt --with-CGNSLIBHOME=/home/br8183/OpenFOAM/br8183-1.5.x/Breeder_1.5/OSIG/TurboMachinery/src/cgnslib_2.5/platforms/linux64GccDPOpt

## --------- ##
## Platform. ##
## --------- ##

hostname = rdle02220mdw
uname -m = x86_64
uname -r = 2.6.22.19-0.1-default
uname -s = Linux
uname -v = #1 SMP 2008-10-14 22:17:43 +0200

/usr/bin/uname -p = unknown
/bin/uname -X     = unknown

/bin/arch              = x86_64
/usr/bin/arch -k       = unknown
/usr/convex/getsysinfo = unknown
/usr/bin/hostinfo      = unknown
/bin/machine           = unknown
/usr/bin/oslevel       = unknown
/bin/universe          = unknown

PATH: /home/br8183/Projets/SAMH/OpenFOAM/ThirdParty/ParaView3.3-cvs/platforms/linux64Gcc/bin
PATH: /home/br8183/Projets/SAMH/OpenFOAM/ThirdParty/cmake-2.4.8/platforms/linux64/bin
PATH: /home/br8183/Projets/SAMH/OpenFOAM/ThirdParty/openmpi-1.2.6/platforms/linux64GccDPOpt/bin
PATH: /home/br8183/Projets/SAMH/OpenFOAM/ThirdParty/gcc-4.3.2/platforms/linux64/bin
PATH: /home/br8183/OpenFOAM/br8183-1.5.x/applications/bin/linux64GccDPOpt
PATH: /home/br8183/Projets/SAMH/OpenFOAM/OpenFOAM-1.5.x/applications/bin/linux64GccDPOpt
PATH: /home/br8183/Projets/SAMH/OpenFOAM/OpenFOAM-1.5.x/wmake
PATH: /home/br8183/Projets/SAMH/OpenFOAM/OpenFOAM-1.5.x/bin
PATH: /opt/intel/vtune/bin
PATH: /opt/intel/cce/10.1.015/bin
PATH: /home/br8183/OpenFOAM/PyFoam/bin
PATH: /opt/kde3/bin
PATH: /home/br8183/bin
PATH: /usr/local/bin
PATH: /usr/bin
PATH: /bin
PATH: /usr/bin/X11
PATH: /usr/X11R6/bin
PATH: /usr/games
PATH: /usr/lib/qt3/bin


## ----------- ##
## Core tests. ##
## ----------- ##

configure:1982: checking for a BSD-compatible install
configure:2038: result: /usr/bin/install -c
configure:2049: checking whether build environment is sane
configure:2092: result: yes
configure:2120: checking for a thread-safe mkdir -p
configure:2159: result: /bin/mkdir -p
configure:2172: checking for gawk
configure:2188: found /usr/bin/gawk
configure:2199: result: gawk
configure:2210: checking whether make sets $(MAKE)
configure:2231: result: yes
configure:2429: checking path for CGNSLIBHOME: /home/br8183/OpenFOAM/br8183-1.5.x/Breeder_1.5/OSIG/TurboMachinery/src/cgnslib_2.5/platforms/linux64GccDPOpt
configure:2432: result: yes
configure:2558: checking for C++ compiler version
configure:2565: g++ --version >&5
g++ (GCC) 4.3.2
Copyright (C) 2008 Free Software Foundation, Inc.
This is free software; see the source for copying conditions.  There is NO
warranty; not even for MERCHANTABILITY or FITNESS FOR A PARTICULAR PURPOSE.

configure:2568: $? = 0
configure:2575: g++ -v >&5
Using built-in specs.
Target: x86_64-unknown-linux-gnu
Configured with: ../configure --prefix=/home/br8183/Projets/SAMH/OpenFOAM/ThirdParty/gcc-4.3.2/platforms/linux64 --exec-prefix=/home/br8183/Projets/SAMH/OpenFOAM/ThirdParty/gcc-4.3.2/platforms/linux64 --enable-languages=c,c++ --enable-shared --disable-multilib
Thread model: posix
gcc version 4.3.2 (GCC) 
configure:2578: $? = 0
configure:2585: g++ -V >&5
g++: '-V' option must have argument
configure:2588: $? = 1
configure:2611: checking for C++ compiler default output file name
configure:2638: g++ -m64 -fPIC  -m64 conftest.cpp  >&5
configure:2641: $? = 0
configure:2679: result: a.out
configure:2696: checking whether the C++ compiler works
configure:2706: ./a.out
configure:2709: $? = 0
configure:2726: result: yes
configure:2733: checking whether we are cross compiling
configure:2735: result: no
configure:2738: checking for suffix of executables
configure:2745: g++ -o conftest -m64 -fPIC  -m64 conftest.cpp  >&5
configure:2748: $? = 0
configure:2772: result: 
configure:2778: checking for suffix of object files
configure:2804: g++ -c -m64 -fPIC  conftest.cpp >&5
configure:2807: $? = 0
configure:2830: result: o
configure:2834: checking whether we are using the GNU C++ compiler
configure:2863: g++ -c -m64 -fPIC  conftest.cpp >&5
configure:2869: $? = 0
configure:2886: result: yes
configure:2891: checking whether g++ accepts -g
configure:2921: g++ -c -g  conftest.cpp >&5
configure:2927: $? = 0
configure:3026: result: yes
configure:3060: checking for style of include used by make
configure:3088: result: GNU
configure:3113: checking dependency style of g++
configure:3204: result: gcc3
configure:3297: checking build system type
configure:3315: result: x86_64-suse-linux-gnu
configure:3337: checking host system type
configure:3352: result: x86_64-suse-linux-gnu
configure:3422: checking for gcc
configure:3449: result: gcc
configure:3687: checking for C compiler version
configure:3694: gcc --version >&5
gcc (GCC) 4.3.2
Copyright (C) 2008 Free Software Foundation, Inc.
This is free software; see the source for copying conditions.  There is NO
warranty; not even for MERCHANTABILITY or FITNESS FOR A PARTICULAR PURPOSE.

configure:3697: $? = 0
configure:3704: gcc -v >&5
Using built-in specs.
Target: x86_64-unknown-linux-gnu
Configured with: ../configure --prefix=/home/br8183/Projets/SAMH/OpenFOAM/ThirdParty/gcc-4.3.2/platforms/linux64 --exec-prefix=/home/br8183/Projets/SAMH/OpenFOAM/ThirdParty/gcc-4.3.2/platforms/linux64 --enable-languages=c,c++ --enable-shared --disable-multilib
Thread model: posix
gcc version 4.3.2 (GCC) 
configure:3707: $? = 0
configure:3714: gcc -V >&5
gcc: '-V' option must have argument
configure:3717: $? = 1
configure:3720: checking whether we are using the GNU C compiler
configure:3749: gcc -c -m64 -fPIC  conftest.c >&5
configure:3755: $? = 0
configure:3772: result: yes
configure:3777: checking whether gcc accepts -g
configure:3807: gcc -c -g  conftest.c >&5
configure:3813: $? = 0
configure:3912: result: yes
configure:3929: checking for gcc option to accept ISO C89
configure:4003: gcc  -c -m64 -fPIC  conftest.c >&5
configure:4009: $? = 0
configure:4032: result: none needed
configure:4052: checking dependency style of gcc
configure:4143: result: gcc3
configure:4158: checking for a sed that does not truncate output
configure:4214: result: /usr/bin/sed
configure:4217: checking for grep that handles long lines and -e
configure:4291: result: /usr/bin/grep
configure:4296: checking for egrep
configure:4374: result: /usr/bin/grep -E
configure:4390: checking for ld used by gcc
configure:4457: result: /usr/bin/ld
configure:4466: checking if the linker (/usr/bin/ld) is GNU ld
configure:4481: result: yes
configure:4486: checking for /usr/bin/ld option to reload object files
configure:4493: result: -r
configure:4511: checking for BSD-compatible nm
configure:4560: result: /usr/bin/nm -B
configure:4564: checking whether ln -s works
configure:4568: result: yes
configure:4575: checking how to recognize dependent libraries
configure:4761: result: pass_all
configure:4850: gcc -c -m64 -fPIC  conftest.c >&5
configure:4853: $? = 0
configure:5002: checking how to run the C preprocessor
configure:5042: gcc -E  conftest.c
configure:5048: $? = 0
configure:5079: gcc -E  conftest.c
conftest.c:10:28: error: ac_nonexistent.h: No such file or directory
configure:5085: $? = 1
configure: failed program was:
| /* confdefs.h.  */
| #define PACKAGE_NAME "libcgnsoo3"
| #define PACKAGE_TARNAME "libcgnsoo3"
| #define PACKAGE_VERSION "1.0"
| #define PACKAGE_STRING "libcgnsoo3 1.0"
| #define PACKAGE_BUGREPORT ""
| #define PACKAGE "libcgnsoo3"
| #define VERSION "1.0"
| /* end confdefs.h.  */
| #include <ac_nonexistent.h>
configure:5118: result: gcc -E
configure:5147: gcc -E  conftest.c
configure:5153: $? = 0
configure:5184: gcc -E  conftest.c
conftest.c:10:28: error: ac_nonexistent.h: No such file or directory
configure:5190: $? = 1
configure: failed program was:
| /* confdefs.h.  */
| #define PACKAGE_NAME "libcgnsoo3"
| #define PACKAGE_TARNAME "libcgnsoo3"
| #define PACKAGE_VERSION "1.0"
| #define PACKAGE_STRING "libcgnsoo3 1.0"
| #define PACKAGE_BUGREPORT ""
| #define PACKAGE "libcgnsoo3"
| #define VERSION "1.0"
| /* end confdefs.h.  */
| #include <ac_nonexistent.h>
configure:5228: checking for ANSI C header files
configure:5258: gcc -c -m64 -fPIC  conftest.c >&5
configure:5264: $? = 0
configure:5363: gcc -o conftest -m64 -fPIC  -m64 conftest.c  >&5
configure:5366: $? = 0
configure:5372: ./conftest
configure:5375: $? = 0
configure:5392: result: yes
configure:5416: checking for sys/types.h
configure:5437: gcc -c -m64 -fPIC  conftest.c >&5
configure:5443: $? = 0
configure:5459: result: yes
configure:5416: checking for sys/stat.h
configure:5437: gcc -c -m64 -fPIC  conftest.c >&5
configure:5443: $? = 0
configure:5459: result: yes
configure:5416: checking for stdlib.h
configure:5437: gcc -c -m64 -fPIC  conftest.c >&5
configure:5443: $? = 0
configure:5459: result: yes
configure:5416: checking for string.h
configure:5437: gcc -c -m64 -fPIC  conftest.c >&5
configure:5443: $? = 0
configure:5459: result: yes
configure:5416: checking for memory.h
configure:5437: gcc -c -m64 -fPIC  conftest.c >&5
configure:5443: $? = 0
configure:5459: result: yes
configure:5416: checking for strings.h
configure:5437: gcc -c -m64 -fPIC  conftest.c >&5
configure:5443: $? = 0
configure:5459: result: yes
configure:5416: checking for inttypes.h
configure:5437: gcc -c -m64 -fPIC  conftest.c >&5
configure:5443: $? = 0
configure:5459: result: yes
configure:5416: checking for stdint.h
configure:5437: gcc -c -m64 -fPIC  conftest.c >&5
configure:5443: $? = 0
configure:5459: result: yes
configure:5416: checking for unistd.h
configure:5437: gcc -c -m64 -fPIC  conftest.c >&5
configure:5443: $? = 0
configure:5459: result: yes
configure:5486: checking dlfcn.h usability
configure:5503: gcc -c -m64 -fPIC  conftest.c >&5
configure:5509: $? = 0
configure:5523: result: yes
configure:5527: checking dlfcn.h presence
configure:5542: gcc -E  conftest.c
configure:5548: $? = 0
configure:5562: result: yes
configure:5590: checking for dlfcn.h
configure:5598: result: yes
configure:5621: checking how to run the C++ preprocessor
configure:5657: g++ -E  conftest.cpp
configure:5663: $? = 0
configure:5694: g++ -E  conftest.cpp
conftest.cpp:21:28: error: ac_nonexistent.h: No such file or directory
configure:5700: $? = 1
configure: failed program was:
| /* confdefs.h.  */
| #define PACKAGE_NAME "libcgnsoo3"
| #define PACKAGE_TARNAME "libcgnsoo3"
| #define PACKAGE_VERSION "1.0"
| #define PACKAGE_STRING "libcgnsoo3 1.0"
| #define PACKAGE_BUGREPORT ""
| #define PACKAGE "libcgnsoo3"
| #define VERSION "1.0"
| #define STDC_HEADERS 1
| #define HAVE_SYS_TYPES_H 1
| #define HAVE_SYS_STAT_H 1
| #define HAVE_STDLIB_H 1
| #define HAVE_STRING_H 1
| #define HAVE_MEMORY_H 1
| #define HAVE_STRINGS_H 1
| #define HAVE_INTTYPES_H 1
| #define HAVE_STDINT_H 1
| #define HAVE_UNISTD_H 1
| #define HAVE_DLFCN_H 1
| /* end confdefs.h.  */
| #include <ac_nonexistent.h>
configure:5733: result: g++ -E
configure:5762: g++ -E  conftest.cpp
configure:5768: $? = 0
configure:5799: g++ -E  conftest.cpp
conftest.cpp:21:28: error: ac_nonexistent.h: No such file or directory
configure:5805: $? = 1
configure: failed program was:
| /* confdefs.h.  */
| #define PACKAGE_NAME "libcgnsoo3"
| #define PACKAGE_TARNAME "libcgnsoo3"
| #define PACKAGE_VERSION "1.0"
| #define PACKAGE_STRING "libcgnsoo3 1.0"
| #define PACKAGE_BUGREPORT ""
| #define PACKAGE "libcgnsoo3"
| #define VERSION "1.0"
| #define STDC_HEADERS 1
| #define HAVE_SYS_TYPES_H 1
| #define HAVE_SYS_STAT_H 1
| #define HAVE_STDLIB_H 1
| #define HAVE_STRING_H 1
| #define HAVE_MEMORY_H 1
| #define HAVE_STRINGS_H 1
| #define HAVE_INTTYPES_H 1
| #define HAVE_STDINT_H 1
| #define HAVE_UNISTD_H 1
| #define HAVE_DLFCN_H 1
| /* end confdefs.h.  */
| #include <ac_nonexistent.h>
configure:5898: checking for g77
configure:5914: found /usr/bin/g77
configure:5925: result: g77
configure:5955: checking for Fortran 77 compiler version
configure:5962: g77 --version >&5
GNU Fortran (GCC) 4.2.1 (SUSE Linux)
Copyright (C) 2007 Free Software Foundation, Inc.

GNU Fortran comes with NO WARRANTY, to the extent permitted by law.
You may redistribute copies of GNU Fortran
under the terms of the GNU General Public License.
For more information about these matters, see the file named COPYING

configure:5965: $? = 0
configure:5972: g77 -v >&5
Using built-in specs.
Target: x86_64-suse-linux
Configured with: ../configure --enable-threads=posix --prefix=/usr --with-local-prefix=/usr/local --infodir=/usr/share/info --mandir=/usr/share/man --libdir=/usr/lib64 --libexecdir=/usr/lib64 --enable-languages=c,c++,objc,fortran,obj-c++,java,ada --enable-checking=release --with-gxx-include-dir=/usr/include/c++/4.2.1 --enable-ssp --disable-libssp --disable-libgcj --with-slibdir=/lib64 --with-system-zlib --enable-shared --enable-__cxa_atexit --enable-libstdcxx-allocator=new --disable-libstdcxx-pch --program-suffix=-4.2 --enable-version-specific-runtime-libs --without-system-libunwind --with-cpu=generic --host=x86_64-suse-linux
Thread model: posix
gcc version 4.2.1 (SUSE Linux)
configure:5975: $? = 0
configure:5982: g77 -V >&5
g77: '-V' option must have argument
configure:5985: $? = 1
configure:5993: checking whether we are using the GNU Fortran 77 compiler
configure:6012: g77 -c  conftest.F >&5
configure:6018: $? = 0
configure:6035: result: yes
configure:6041: checking whether g77 accepts -g
configure:6058: g77 -c -g conftest.f >&5
configure:6064: $? = 0
configure:6080: result: yes
configure:6110: checking the maximum length of command line arguments
configure:6222: result: 98304
configure:6234: checking command to parse /usr/bin/nm -B output from gcc object
configure:6339: gcc -c -m64 -fPIC  conftest.c >&5
configure:6342: $? = 0
configure:6346: /usr/bin/nm -B conftest.o \| sed -n -e 's/^.*[ 	]\([ABCDGIRSTW][ABCDGIRSTW]*\)[ 	][ 	]*\([_A-Za-z][_A-Za-z0-9]*\)$/\1 \2 \2/p' \> conftest.nm
configure:6349: $? = 0
configure:6401: gcc -o conftest -m64 -fPIC  -m64 conftest.c conftstm.o >&5
configure:6404: $? = 0
configure:6442: result: ok
configure:6446: checking for objdir
configure:6461: result: .libs
configure:6553: checking for ar
configure:6569: found /usr/bin/ar
configure:6580: result: ar
configure:6649: checking for ranlib
configure:6665: found /usr/bin/ranlib
configure:6676: result: ranlib
configure:6745: checking for strip
configure:6761: found /usr/bin/strip
configure:6772: result: strip
configure:7058: checking if gcc supports -fno-rtti -fno-exceptions
configure:7076: gcc -c -m64 -fPIC  -fno-rtti -fno-exceptions conftest.c >&5
cc1: warning: command line option "-fno-rtti" is valid for C++/ObjC++ but not for C
configure:7080: $? = 0
configure:7093: result: no
configure:7108: checking for gcc option to produce PIC
configure:7340: result: -fPIC
configure:7348: checking if gcc PIC flag -fPIC works
configure:7366: gcc -c -m64 -fPIC  -fPIC -DPIC conftest.c >&5
configure:7370: $? = 0
configure:7383: result: yes
configure:7411: checking if gcc static flag -static works
configure:7439: result: yes
configure:7449: checking if gcc supports -c -o file.o
configure:7470: gcc -c -m64 -fPIC  -o out/conftest2.o conftest.c >&5
configure:7474: $? = 0
configure:7496: result: yes
configure:7522: checking whether the gcc linker (/usr/bin/ld -m elf_x86_64) supports shared libraries
configure:8502: result: yes
configure:8523: checking whether -lc should be explicitly linked in
configure:8528: gcc -c -m64 -fPIC  conftest.c >&5
configure:8531: $? = 0
configure:8546: gcc -shared conftest.o  -v -Wl,-soname -Wl,conftest -o conftest 2\>\&1 \| grep  -lc  \>/dev/null 2\>\&1
configure:8549: $? = 0
configure:8561: result: no
configure:8569: checking dynamic linker characteristics
configure:9171: result: GNU/Linux ld.so
configure:9180: checking how to hardcode library paths into programs
configure:9205: result: immediate
configure:9219: checking whether stripping libraries is possible
configure:9224: result: yes
configure:10026: checking if libtool supports shared libraries
configure:10028: result: yes
configure:10031: checking whether to build shared libraries
configure:10052: result: yes
configure:10055: checking whether to build static libraries
configure:10059: result: yes
configure:10152: creating libtool
configure:10740: checking for ld used by g++
configure:10807: result: /usr/bin/ld -m elf_x86_64
configure:10816: checking if the linker (/usr/bin/ld -m elf_x86_64) is GNU ld
configure:10831: result: yes
configure:10882: checking whether the g++ linker (/usr/bin/ld -m elf_x86_64) supports shared libraries
configure:11856: result: yes
configure:11874: g++ -c -m64 -fPIC  conftest.cpp >&5
configure:11877: $? = 0
configure:12029: checking for g++ option to produce PIC
configure:12313: result: -fPIC
configure:12321: checking if g++ PIC flag -fPIC works
configure:12339: g++ -c -m64 -fPIC  -fPIC -DPIC conftest.cpp >&5
configure:12343: $? = 0
configure:12356: result: yes
configure:12384: checking if g++ static flag -static works
configure:12412: result: yes
configure:12422: checking if g++ supports -c -o file.o
configure:12443: g++ -c -m64 -fPIC  -o out/conftest2.o conftest.cpp >&5
configure:12447: $? = 0
configure:12469: result: yes
configure:12495: checking whether the g++ linker (/usr/bin/ld -m elf_x86_64) supports shared libraries
configure:12520: result: yes
configure:12587: checking dynamic linker characteristics
configure:13137: result: GNU/Linux ld.so
configure:13146: checking how to hardcode library paths into programs
configure:13171: result: immediate
configure:13705: checking if libtool supports shared libraries
configure:13707: result: yes
configure:13710: checking whether to build shared libraries
configure:13730: result: yes
configure:13733: checking whether to build static libraries
configure:13737: result: yes
configure:13747: checking for g77 option to produce PIC
configure:13979: result: -fPIC
configure:13987: checking if g77 PIC flag -fPIC works
configure:14005: g77 -c -g -O2 -fPIC conftest.f >&5
configure:14009: $? = 0
configure:14022: result: yes
configure:14050: checking if g77 static flag -static works
configure:14078: result: yes
configure:14088: checking if g77 supports -c -o file.o
configure:14109: g77 -c -g -O2 -o out/conftest2.o conftest.f >&5
configure:14113: $? = 0
configure:14135: result: yes
configure:14161: checking whether the g77 linker (/usr/bin/ld -m elf_x86_64) supports shared libraries
configure:15121: result: yes
configure:15188: checking dynamic linker characteristics
configure:15738: result: GNU/Linux ld.so
configure:15747: checking how to hardcode library paths into programs
configure:15772: result: immediate
configure:19343: checking for ANSI C header files
configure:19507: result: yes
configure:19517: checking for sys/wait.h that is POSIX.1 compatible
configure:19553: gcc -c -m64 -fPIC  conftest.c >&5
configure:19559: $? = 0
configure:19574: result: yes
configure:19585: checking for an ANSI C-conforming const
configure:19660: gcc -c -m64 -fPIC  conftest.c >&5
configure:19666: $? = 0
configure:19681: result: yes
configure:19819: creating ./config.status

## ---------------------- ##
## Running config.status. ##
## ---------------------- ##

This file was extended by libcgnsoo3 config.status 1.0, which was
generated by GNU Autoconf 2.61.  Invocation command line was

  CONFIG_FILES    = 
  CONFIG_HEADERS  = 
  CONFIG_LINKS    = 
  CONFIG_COMMANDS = 
  $ ./config.status 

on rdle02220mdw

config.status:666: creating Makefile
config.status:666: creating src/Makefile
config.status:666: creating config.h
config.status:895: config.h is unchanged
config.status:941: executing depfiles commands
config.status:941: executing default commands

## ---------------- ##
## Cache variables. ##
## ---------------- ##

ac_cv_build=x86_64-suse-linux-gnu
ac_cv_c_compiler_gnu=yes
ac_cv_c_const=yes
ac_cv_cxx_compiler_gnu=yes
ac_cv_env_CCC_set=
ac_cv_env_CCC_value=
ac_cv_env_CC_set=set
ac_cv_env_CC_value=gcc
ac_cv_env_CFLAGS_set=set
ac_cv_env_CFLAGS_value='-m64 -fPIC'
ac_cv_env_CPPFLAGS_set=
ac_cv_env_CPPFLAGS_value=
ac_cv_env_CPP_set=
ac_cv_env_CPP_value=
ac_cv_env_CXXCPP_set=
ac_cv_env_CXXCPP_value=
ac_cv_env_CXXFLAGS_set=set
ac_cv_env_CXXFLAGS_value='-m64 -fPIC'
ac_cv_env_CXX_set=set
ac_cv_env_CXX_value=g++
ac_cv_env_F77_set=
ac_cv_env_F77_value=
ac_cv_env_FFLAGS_set=
ac_cv_env_FFLAGS_value=
ac_cv_env_LDFLAGS_set=set
ac_cv_env_LDFLAGS_value=-m64
ac_cv_env_LIBS_set=
ac_cv_env_LIBS_value=
ac_cv_env_build_alias_set=
ac_cv_env_build_alias_value=
ac_cv_env_host_alias_set=
ac_cv_env_host_alias_value=
ac_cv_env_target_alias_set=
ac_cv_env_target_alias_value=
ac_cv_f77_compiler_gnu=yes
ac_cv_header_dlfcn_h=yes
ac_cv_header_inttypes_h=yes
ac_cv_header_memory_h=yes
ac_cv_header_stdc=yes
ac_cv_header_stdint_h=yes
ac_cv_header_stdlib_h=yes
ac_cv_header_string_h=yes
ac_cv_header_strings_h=yes
ac_cv_header_sys_stat_h=yes
ac_cv_header_sys_types_h=yes
ac_cv_header_sys_wait_h=yes
ac_cv_header_unistd_h=yes
ac_cv_host=x86_64-suse-linux-gnu
ac_cv_objext=o
ac_cv_path_EGREP='/usr/bin/grep -E'
ac_cv_path_GREP=/usr/bin/grep
ac_cv_path_install='/usr/bin/install -c'
ac_cv_path_mkdir=/bin/mkdir
ac_cv_prog_AWK=gawk
ac_cv_prog_CPP='gcc -E'
ac_cv_prog_CXXCPP='g++ -E'
ac_cv_prog_ac_ct_AR=ar
ac_cv_prog_ac_ct_CC=gcc
ac_cv_prog_ac_ct_F77=g77
ac_cv_prog_ac_ct_RANLIB=ranlib
ac_cv_prog_ac_ct_STRIP=strip
ac_cv_prog_cc_c89=
ac_cv_prog_cc_g=yes
ac_cv_prog_cxx_g=yes
ac_cv_prog_f77_g=yes
ac_cv_prog_make_make_set=yes
am_cv_CC_dependencies_compiler_type=gcc3
am_cv_CXX_dependencies_compiler_type=gcc3
lt_cv_deplibs_check_method=pass_all
lt_cv_file_magic_cmd='$MAGIC_CMD'
lt_cv_file_magic_test_file=
lt_cv_ld_reload_flag=-r
lt_cv_objdir=.libs
lt_cv_path_LD=/usr/bin/ld
lt_cv_path_LDCXX='/usr/bin/ld -m elf_x86_64'
lt_cv_path_NM='/usr/bin/nm -B'
lt_cv_path_SED=/usr/bin/sed
lt_cv_prog_compiler_c_o=yes
lt_cv_prog_compiler_c_o_CXX=yes
lt_cv_prog_compiler_c_o_F77=yes
lt_cv_prog_compiler_rtti_exceptions=no
lt_cv_prog_gnu_ld=yes
lt_cv_prog_gnu_ldcxx=yes
lt_cv_sys_global_symbol_pipe='sed -n -e '\''s/^.*[ 	]\([ABCDGIRSTW][ABCDGIRSTW]*\)[ 	][ 	]*\([_A-Za-z][_A-Za-z0-9]*\)$/\1 \2 \2/p'\'''
lt_cv_sys_global_symbol_to_c_name_address='sed -n -e '\''s/^: \([^ ]*\) $/  {\"\1\", (lt_ptr) 0},/p'\'' -e '\''s/^[BCDEGRST] \([^ ]*\) \([^ ]*\)$/  {"\2", (lt_ptr) \&\2},/p'\'''
lt_cv_sys_global_symbol_to_cdecl='sed -n -e '\''s/^. .* \(.*\)$/extern int \1;/p'\'''
lt_cv_sys_max_cmd_len=98304
lt_lt_cv_prog_compiler_c_o='"yes"'
lt_lt_cv_prog_compiler_c_o_CXX='"yes"'
lt_lt_cv_prog_compiler_c_o_F77='"yes"'
lt_lt_cv_sys_global_symbol_pipe='"sed -n -e '\''s/^.*[ 	]\\([ABCDGIRSTW][ABCDGIRSTW]*\\)[ 	][ 	]*\\([_A-Za-z][_A-Za-z0-9]*\\)\$/\\1 \\2 \\2/p'\''"'
lt_lt_cv_sys_global_symbol_to_c_name_address='"sed -n -e '\''s/^: \\([^ ]*\\) \$/  {\\\"\\1\\\", (lt_ptr) 0},/p'\'' -e '\''s/^[BCDEGRST] \\([^ ]*\\) \\([^ ]*\\)\$/  {\"\\2\", (lt_ptr) \\&\\2},/p'\''"'
lt_lt_cv_sys_global_symbol_to_cdecl='"sed -n -e '\''s/^. .* \\(.*\\)\$/extern int \\1;/p'\''"'

## ----------------- ##
## Output variables. ##
## ----------------- ##

ACLOCAL='${SHELL} /home/br8183/OpenFOAM/br8183-1.5.x/Breeder_1.5/OSIG/TurboMachinery/src/libcgnsoo_3.0/config/missing --run aclocal-1.10'
AMDEPBACKSLASH='\'
AMDEP_FALSE='#'
AMDEP_TRUE=''
AMTAR='${SHELL} /home/br8183/OpenFOAM/br8183-1.5.x/Breeder_1.5/OSIG/TurboMachinery/src/libcgnsoo_3.0/config/missing --run tar'
AR='ar'
AUTOCONF='${SHELL} /home/br8183/OpenFOAM/br8183-1.5.x/Breeder_1.5/OSIG/TurboMachinery/src/libcgnsoo_3.0/config/missing --run autoconf'
AUTOHEADER='${SHELL} /home/br8183/OpenFOAM/br8183-1.5.x/Breeder_1.5/OSIG/TurboMachinery/src/libcgnsoo_3.0/config/missing --run autoheader'
AUTOMAKE='${SHELL} /home/br8183/OpenFOAM/br8183-1.5.x/Breeder_1.5/OSIG/TurboMachinery/src/libcgnsoo_3.0/config/missing --run automake-1.10'
AWK='gawk'
CC='gcc'
CCDEPMODE='depmode=gcc3'
CFLAGS='-m64 -fPIC'
CGNSLIBHOME='/home/br8183/OpenFOAM/br8183-1.5.x/Breeder_1.5/OSIG/TurboMachinery/src/cgnslib_2.5/platforms/linux64GccDPOpt'
CPP='gcc -E'
CPPFLAGS=''
CXX='g++'
CXXCPP='g++ -E'
CXXDEPMODE='depmode=gcc3'
CXXFLAGS='-m64 -fPIC'
CYGPATH_W='echo'
DEFS='-DHAVE_CONFIG_H'
DEPDIR='.deps'
ECHO='echo'
ECHO_C=''
ECHO_N='-n'
ECHO_T=''
EGREP='/usr/bin/grep -E'
EXEEXT=''
F77='g77'
FFLAGS='-g -O2'
GREP='/usr/bin/grep'
INSTALL_DATA='${INSTALL} -m 644'
INSTALL_PROGRAM='${INSTALL}'
INSTALL_SCRIPT='${INSTALL}'
INSTALL_STRIP_PROGRAM='$(install_sh) -c -s'
LDFLAGS='-m64'
LIBOBJS=''
LIBS=''
LIBTOOL='$(SHELL) $(top_builddir)/libtool'
LN_S='ln -s'
LTLIBOBJS=''
MAKEINFO='${SHELL} /home/br8183/OpenFOAM/br8183-1.5.x/Breeder_1.5/OSIG/TurboMachinery/src/libcgnsoo_3.0/config/missing --run makeinfo'
OBJEXT='o'
PACKAGE='libcgnsoo3'
PACKAGE_BUGREPORT=''
PACKAGE_NAME='libcgnsoo3'
PACKAGE_STRING='libcgnsoo3 1.0'
PACKAGE_TARNAME='libcgnsoo3'
PACKAGE_VERSION='1.0'
PATH_SEPARATOR=':'
RANLIB='ranlib'
SED='/usr/bin/sed'
SET_MAKE=''
SHELL='/bin/sh'
STRIP='strip'
VERSION='1.0'
ac_aux_dir='config'
ac_ct_CC='gcc'
ac_ct_CXX=''
ac_ct_F77='g77'
am__fastdepCC_FALSE='#'
am__fastdepCC_TRUE=''
am__fastdepCXX_FALSE='#'
am__fastdepCXX_TRUE=''
am__include='include'
am__isrc=''
am__leading_dot='.'
am__quote=''
am__tar='${AMTAR} chof - "$$tardir"'
am__untar='${AMTAR} xf -'
bindir='${exec_prefix}/bin'
build='x86_64-suse-linux-gnu'
build_alias=''
build_cpu='x86_64'
build_os='linux-gnu'
build_vendor='suse'
datadir='${datarootdir}'
datarootdir='${prefix}/share'
docdir='${datarootdir}/doc/${PACKAGE_TARNAME}'
dvidir='${docdir}'
exec_prefix='${prefix}'
host='x86_64-suse-linux-gnu'
host_alias=''
host_cpu='x86_64'
host_os='linux-gnu'
host_vendor='suse'
htmldir='${docdir}'
includedir='${prefix}/include'
infodir='${datarootdir}/info'
install_sh='$(SHELL) /home/br8183/OpenFOAM/br8183-1.5.x/Breeder_1.5/OSIG/TurboMachinery/src/libcgnsoo_3.0/config/install-sh'
libdir='${exec_prefix}/lib'
libexecdir='${exec_prefix}/libexec'
localedir='${datarootdir}/locale'
localstatedir='${prefix}/var'
mandir='${datarootdir}/man'
mkdir_p='/bin/mkdir -p'
oldincludedir='/usr/include'
pdfdir='${docdir}'
prefix='/home/br8183/OpenFOAM/br8183-1.5.x/Breeder_1.5/OSIG/TurboMachinery/src/libcgnsoo_3.0/platforms/linux64GccDPOpt'
program_transform_name='s,x,x,'
psdir='${docdir}'
sbindir='${exec_prefix}/sbin'
sharedstatedir='${prefix}/com'
sysconfdir='${prefix}/etc'
target_alias=''

## ----------- ##
## confdefs.h. ##
## ----------- ##

#define PACKAGE_NAME "libcgnsoo3"
#define PACKAGE_TARNAME "libcgnsoo3"
#define PACKAGE_VERSION "1.0"
#define PACKAGE_STRING "libcgnsoo3 1.0"
#define PACKAGE_BUGREPORT ""
#define PACKAGE "libcgnsoo3"
#define VERSION "1.0"
#define STDC_HEADERS 1
#define HAVE_SYS_TYPES_H 1
#define HAVE_SYS_STAT_H 1
#define HAVE_STDLIB_H 1
#define HAVE_STRING_H 1
#define HAVE_MEMORY_H 1
#define HAVE_STRINGS_H 1
#define HAVE_INTTYPES_H 1
#define HAVE_STDINT_H 1
#define HAVE_UNISTD_H 1
#define HAVE_DLFCN_H 1
#define STDC_HEADERS 1
#define HAVE_SYS_WAIT_H 1

configure: exit 0

## ---------------------- ##
## Running config.status. ##
## ---------------------- ##

This file was extended by libcgnsoo3 config.status 1.0, which was
generated by GNU Autoconf 2.61.  Invocation command line was

  CONFIG_FILES    = 
  CONFIG_HEADERS  = 
  CONFIG_LINKS    = 
  CONFIG_COMMANDS = 
  $ ./config.status config.h

on rdle02220mdw

config.status:666: creating config.h
config.status:895: config.h is unchanged
